\BOOKMARK [1][-]{section.1}{Exercices}{}% 1
\BOOKMARK [2][-]{subsection.1.1}{Exercice 1}{section.1}% 2
\BOOKMARK [3][-]{subsubsection.1.1.1}{succ}{subsection.1.1}% 3
\BOOKMARK [3][-]{subsubsection.1.1.2}{sum}{subsection.1.1}% 4
\BOOKMARK [3][-]{subsubsection.1.1.3}{constant}{subsection.1.1}% 5
\BOOKMARK [3][-]{subsubsection.1.1.4}{bigger}{subsection.1.1}% 6
\BOOKMARK [2][-]{subsection.1.2}{Exercice 2}{section.1}% 7
\BOOKMARK [3][-]{subsubsection.1.2.1}{string\137of\137prog}{subsection.1.2}% 8
\BOOKMARK [3][-]{subsubsection.1.2.2}{debut\137program}{subsection.1.2}% 9
\BOOKMARK [2][-]{subsection.1.3}{Exercice 3: compose1}{section.1}% 10
\BOOKMARK [2][-]{subsection.1.4}{Exercice 4: translate}{section.1}% 11
\BOOKMARK [2][-]{subsection.1.5}{Exercice 5: compose2}{section.1}% 12
\BOOKMARK [2][-]{subsection.1.6}{Exercice 6: expr\137to\137prog}{section.1}% 13
\BOOKMARK [2][-]{subsection.1.7}{Exercice 7: if\137then\137else}{section.1}% 14
\BOOKMARK [1][-]{section.2}{Tests}{}% 15
\BOOKMARK [2][-]{subsection.2.1}{Exercice 1}{section.2}% 16
\BOOKMARK [2][-]{subsection.2.2}{Exercice 2}{section.2}% 17
\BOOKMARK [2][-]{subsection.2.3}{Exercice 3}{section.2}% 18
\BOOKMARK [2][-]{subsection.2.4}{Exercices 4 et 5}{section.2}% 19
\BOOKMARK [2][-]{subsection.2.5}{Exercice 6}{section.2}% 20
\BOOKMARK [2][-]{subsection.2.6}{Exercice 7}{section.2}% 21
